Request headers:

Request body:


Response headers:
HTTP/1.1 200 OK
Server: nginx/1.10.1
Date: Sat, 17 Jun 2017 12:55:13 GMT
Content-Type: text/html; charset=utf-8
Transfer-Encoding: chunked
Connection: keep-alive
Keep-Alive: timeout=20
Status: 200 OK
ETag: W/"2806561f10b5b5885d34ef27010fce76"
Last-Modified: Wed, 14 Jun 2017 09:07:45 GMT
Expires: -1
Cache-Control: private, max-age=0
X-UA-Compatible: IE=Edge,chrome=1
Set-Cookie: _blizko_session=BAh7CkkiD3Nlc3Npb25faWQGOgZFVEkiJThmNTA2YzZkYTY4ZTJkMzMyNzNkMTczZmE2ZjExMzE3BjsAVEkiFmlucHV0X2RldmljZV90eXBlBjsARkkiCk1PVVNFBjsAVEkiFGhvdmVyX3N1cHBvcnRlZAY7AEZUSSISY2Fub25pY2FsX3VybAY7AEZJIllodHRwOi8vYXZ0b3NlcnZpcy16aG9sbmluLmJsaXprby5ydS90b3Zhcnkvay05MDgzNzI5LXJlbW9udF9wZXJlZG5leV9wb2R2ZXNraT9wYWdlPTEGOwBUSSIQX2NzcmZfdG9rZW4GOwBGSSIxSm05UjV3NXBFZXkxSXJQYStiYWxPa3EvYjRlL0duMWxnQXhvajZ3SXl2TT0GOwBG--889ceeb2a8654630c7d8cb2db92854753ddf8c55; domain=.blizko.ru; path=/; HttpOnly
X-Request-Id: cc4d4870a279d19df0ae95602a0b7357
Vary: User-Agent
Content-Encoding: gzip

