Request headers:

Request body:


Response headers:
HTTP/1.1 200 OK
Server: nginx/1.10.1
Date: Thu, 15 Jun 2017 20:13:53 GMT
Content-Type: text/html; charset=utf-8
Transfer-Encoding: chunked
Connection: keep-alive
Keep-Alive: timeout=20
Status: 200 OK
ETag: W/"deed485f07f0142ecd142faca64a3f22"
Last-Modified: Wed, 14 Jun 2017 09:07:45 GMT
Expires: -1
Cache-Control: private, max-age=0
X-UA-Compatible: IE=Edge,chrome=1
Set-Cookie: _blizko_session=BAh7CkkiD3Nlc3Npb25faWQGOgZFVEkiJThmNTA2YzZkYTY4ZTJkMzMyNzNkMTczZmE2ZjExMzE3BjsAVEkiFmlucHV0X2RldmljZV90eXBlBjsARkkiCk1PVVNFBjsAVEkiFGhvdmVyX3N1cHBvcnRlZAY7AEZUSSISY2Fub25pY2FsX3VybAY7AEZJIjZodHRwOi8vYXZ0b3NlcnZpcy16aG9sbmluLmJsaXprby5ydS90b3Zhcnk%2FcGFnZT03BjsAVEkiEF9jc3JmX3Rva2VuBjsARkkiMUptOVI1dzVwRWV5MUlyUGErYmFsT2txL2I0ZS9HbjFsZ0F4b2o2d0l5dk09BjsARg%3D%3D--45c395c01d9b6e33672c9622929f4c7b5e3ffe42; domain=.blizko.ru; path=/; HttpOnly
X-Request-Id: a9dd0d9fe4f9440712037f8d581be6bd
Vary: User-Agent
Content-Encoding: gzip

