Request headers:

Request body:


Response headers:
HTTP/1.1 200 OK
Server: nginx/1.10.1
Date: Thu, 15 Jun 2017 20:14:03 GMT
Content-Type: text/html; charset=utf-8
Transfer-Encoding: chunked
Connection: keep-alive
Keep-Alive: timeout=20
Status: 200 OK
ETag: W/"5bb235c5d7eacdb17ff4a1e984167642"
Last-Modified: Wed, 14 Jun 2017 09:07:45 GMT
Expires: -1
Cache-Control: private, max-age=0
X-UA-Compatible: IE=Edge,chrome=1
Set-Cookie: _blizko_session=BAh7CkkiD3Nlc3Npb25faWQGOgZFVEkiJThmNTA2YzZkYTY4ZTJkMzMyNzNkMTczZmE2ZjExMzE3BjsAVEkiFmlucHV0X2RldmljZV90eXBlBjsARkkiCk1PVVNFBjsAVEkiFGhvdmVyX3N1cHBvcnRlZAY7AEZUSSISY2Fub25pY2FsX3VybAY7AEZJIjdodHRwOi8vYXZ0b3NlcnZpcy16aG9sbmluLmJsaXprby5ydS90b3Zhcnk%2FcGFnZT0xMAY7AFRJIhBfY3NyZl90b2tlbgY7AEZJIjFKbTlSNXc1cEVleTFJclBhK2JhbE9rcS9iNGUvR24xbGdBeG9qNndJeXZNPQY7AEY%3D--135b50f3c3e62912d204045509ae36db7874d213; domain=.blizko.ru; path=/; HttpOnly
X-Request-Id: ad59c8fd90735bb3253dc7b8635ec0e2
Vary: User-Agent
Content-Encoding: gzip

