Request headers:

Request body:


Response headers:
HTTP/1.1 200 OK
Server: nginx/1.10.1
Date: Sat, 17 Jun 2017 12:49:20 GMT
Content-Type: text/html; charset=utf-8
Transfer-Encoding: chunked
Connection: keep-alive
Keep-Alive: timeout=20
Status: 200 OK
ETag: W/"624197a5d6825a68c727ae50ce016cb8"
Last-Modified: Wed, 14 Jun 2017 09:07:45 GMT
Expires: -1
Cache-Control: private, max-age=0
X-UA-Compatible: IE=Edge,chrome=1
Set-Cookie: _blizko_session=BAh7CkkiD3Nlc3Npb25faWQGOgZFVEkiJThmNTA2YzZkYTY4ZTJkMzMyNzNkMTczZmE2ZjExMzE3BjsAVEkiFmlucHV0X2RldmljZV90eXBlBjsARkkiCk1PVVNFBjsAVEkiFGhvdmVyX3N1cHBvcnRlZAY7AEZUSSISY2Fub25pY2FsX3VybAY7AEZJImRodHRwOi8vYXZ0b3NlcnZpcy16aG9sbmluLmJsaXprby5ydS90b3Zhcnkvay05MDgzNzYyLXJlbW9udF9zaXN0ZW15X3J1bGV2b2dvX3VwcmF2bGVuaXlhP3BhZ2U9MgY7AFRJIhBfY3NyZl90b2tlbgY7AEZJIjFKbTlSNXc1cEVleTFJclBhK2JhbE9rcS9iNGUvR24xbGdBeG9qNndJeXZNPQY7AEY%3D--4b51006fa30af0cca81ce4d3d6e24e8a31c15826; domain=.blizko.ru; path=/; HttpOnly
X-Request-Id: bb67c16614bf7f0cac0420137bd786cd
Vary: User-Agent
Content-Encoding: gzip

