Request headers:

Request body:


Response headers:
HTTP/1.1 200 OK
Server: nginx/1.10.1
Date: Sat, 17 Jun 2017 12:58:11 GMT
Content-Type: text/html; charset=utf-8
Transfer-Encoding: chunked
Connection: keep-alive
Keep-Alive: timeout=20
Status: 200 OK
ETag: W/"d1284ee988b2225db455b9bca8609f05"
Last-Modified: Wed, 14 Jun 2017 09:07:45 GMT
Expires: -1
Cache-Control: private, max-age=0
X-UA-Compatible: IE=Edge,chrome=1
Set-Cookie: _blizko_session=BAh7CkkiD3Nlc3Npb25faWQGOgZFVEkiJThmNTA2YzZkYTY4ZTJkMzMyNzNkMTczZmE2ZjExMzE3BjsAVEkiFmlucHV0X2RldmljZV90eXBlBjsARkkiCk1PVVNFBjsAVEkiFGhvdmVyX3N1cHBvcnRlZAY7AEZUSSISY2Fub25pY2FsX3VybAY7AEZJIi9odHRwOi8vYXZ0b3NlcnZpcy16aG9sbmluLmJsaXprby5ydS90b3ZhcnkGOwBUSSIQX2NzcmZfdG9rZW4GOwBGSSIxSm05UjV3NXBFZXkxSXJQYStiYWxPa3EvYjRlL0duMWxnQXhvajZ3SXl2TT0GOwBG--3a57bdcec387da295fadfb7a46c2853a7526f0a1; domain=.blizko.ru; path=/; HttpOnly
X-Request-Id: 060f22c8e7b7649cda497c81c34c17dc
Vary: User-Agent
Content-Encoding: gzip

