Request headers:

Request body:


Response headers:
HTTP/1.1 200 OK
Server: nginx/1.10.1
Date: Sat, 17 Jun 2017 12:58:42 GMT
Content-Type: text/html; charset=utf-8
Transfer-Encoding: chunked
Connection: keep-alive
Keep-Alive: timeout=20
Status: 200 OK
ETag: W/"12a83dfcc13ca6450adb48ccf442ed45"
Last-Modified: Wed, 14 Jun 2017 09:07:45 GMT
Expires: -1
Cache-Control: private, max-age=0
X-UA-Compatible: IE=Edge,chrome=1
Set-Cookie: _blizko_session=BAh7CkkiD3Nlc3Npb25faWQGOgZFVEkiJThmNTA2YzZkYTY4ZTJkMzMyNzNkMTczZmE2ZjExMzE3BjsAVEkiFmlucHV0X2RldmljZV90eXBlBjsARkkiCk1PVVNFBjsAVEkiFGhvdmVyX3N1cHBvcnRlZAY7AEZUSSISY2Fub25pY2FsX3VybAY7AEZJIlNodHRwOi8vYXZ0b3NlcnZpcy16aG9sbmluLmJsaXprby5ydS90b3Zhcnkvay05MDgyODk0LXJlbW9udF9nbHVzaGl0ZWxleT9wYWdlPTIGOwBUSSIQX2NzcmZfdG9rZW4GOwBGSSIxSm05UjV3NXBFZXkxSXJQYStiYWxPa3EvYjRlL0duMWxnQXhvajZ3SXl2TT0GOwBG--80d8349f32a6553bdbc7b5a291475ca758702e44; domain=.blizko.ru; path=/; HttpOnly
X-Request-Id: fb606ef95af634563d2ceea3e5f86ba6
Vary: User-Agent
Content-Encoding: gzip

