Request headers:

Request body:


Response headers:
HTTP/1.1 200 OK
Server: nginx/1.10.1
Date: Sat, 17 Jun 2017 12:58:47 GMT
Content-Type: text/html; charset=utf-8
Transfer-Encoding: chunked
Connection: keep-alive
Keep-Alive: timeout=20
Status: 200 OK
ETag: W/"eabdc8e2337422f2473de3dd3ac59422"
Last-Modified: Wed, 14 Jun 2017 09:07:45 GMT
Expires: -1
Cache-Control: private, max-age=0
X-UA-Compatible: IE=Edge,chrome=1
Set-Cookie: _blizko_session=BAh7CkkiD3Nlc3Npb25faWQGOgZFVEkiJThmNTA2YzZkYTY4ZTJkMzMyNzNkMTczZmE2ZjExMzE3BjsAVEkiFmlucHV0X2RldmljZV90eXBlBjsARkkiCk1PVVNFBjsAVEkiFGhvdmVyX3N1cHBvcnRlZAY7AEZUSSISY2Fub25pY2FsX3VybAY7AEZJIlJodHRwOi8vYXZ0b3NlcnZpcy16aG9sbmluLmJsaXprby5ydS90b3Zhcnkvay05MDgyOTAyLXJlbW9udF9kdmlnYXRlbGV5P3BhZ2U9MQY7AFRJIhBfY3NyZl90b2tlbgY7AEZJIjFKbTlSNXc1cEVleTFJclBhK2JhbE9rcS9iNGUvR24xbGdBeG9qNndJeXZNPQY7AEY%3D--b2de8918f3d7d244044d5f33d8b7998a3274c747; domain=.blizko.ru; path=/; HttpOnly
X-Request-Id: 33be034288e883ab66b1e1f9f135edf2
Vary: User-Agent
Content-Encoding: gzip

