Request headers:

Request body:


Response headers:
HTTP/1.1 200 OK
Server: nginx/1.10.1
Date: Sat, 17 Jun 2017 13:12:06 GMT
Content-Type: text/html; charset=utf-8
Transfer-Encoding: chunked
Connection: keep-alive
Keep-Alive: timeout=20
Status: 200 OK
ETag: W/"99647fdd0f7944d9b2a2c3f7e950683b"
Last-Modified: Fri, 16 Jun 2017 21:00:01 GMT
Expires: -1
Cache-Control: private, max-age=0
X-UA-Compatible: IE=Edge,chrome=1
Set-Cookie: _blizko_session=BAh7CkkiD3Nlc3Npb25faWQGOgZFVEkiJThmNTA2YzZkYTY4ZTJkMzMyNzNkMTczZmE2ZjExMzE3BjsAVEkiFmlucHV0X2RldmljZV90eXBlBjsARkkiCk1PVVNFBjsAVEkiFGhvdmVyX3N1cHBvcnRlZAY7AEZUSSISY2Fub25pY2FsX3VybAY7AEZJIlxodHRwOi8vYXZ0b3NlcnZpcy16aG9sbmluLmJsaXprby5ydS90b3Zhcnkvay05MDgyODg1LXByb2NoaXllX3VzbHVnaV9hdnRvc2VydmlzYT9wYWdlPTIGOwBUSSIQX2NzcmZfdG9rZW4GOwBGSSIxSm05UjV3NXBFZXkxSXJQYStiYWxPa3EvYjRlL0duMWxnQXhvajZ3SXl2TT0GOwBG--cf10fd35cc28635841806128ab5d3c3501408431; domain=.blizko.ru; path=/; HttpOnly
X-Request-Id: 5b47a3340facc4cf4f3e24415660da76
Vary: User-Agent
Content-Encoding: gzip

