Request headers:

Request body:


Response headers:
HTTP/1.1 200 OK
Server: nginx/1.10.1
Date: Sat, 17 Jun 2017 13:12:12 GMT
Content-Type: text/html; charset=utf-8
Transfer-Encoding: chunked
Connection: keep-alive
Keep-Alive: timeout=20
Status: 200 OK
ETag: W/"d6f7ddbe50a1a669d4363f55f02971a9"
Last-Modified: Wed, 14 Jun 2017 09:07:45 GMT
Expires: -1
Cache-Control: private, max-age=0
X-UA-Compatible: IE=Edge,chrome=1
Set-Cookie: _blizko_session=BAh7CkkiD3Nlc3Npb25faWQGOgZFVEkiJThmNTA2YzZkYTY4ZTJkMzMyNzNkMTczZmE2ZjExMzE3BjsAVEkiFmlucHV0X2RldmljZV90eXBlBjsARkkiCk1PVVNFBjsAVEkiFGhvdmVyX3N1cHBvcnRlZAY7AEZUSSISY2Fub25pY2FsX3VybAY7AEZJIlNodHRwOi8vYXZ0b3NlcnZpcy16aG9sbmluLmJsaXprby5ydS90b3Zhcnkvay05MDgyODg2LWFybWF0dXJueXllX3JhYm90eT9wYWdlPTEGOwBUSSIQX2NzcmZfdG9rZW4GOwBGSSIxSm05UjV3NXBFZXkxSXJQYStiYWxPa3EvYjRlL0duMWxnQXhvajZ3SXl2TT0GOwBG--5a28eb41be80f61cf659ff8038afc065b1a38bce; domain=.blizko.ru; path=/; HttpOnly
X-Request-Id: f16403773844da218b426493402d4a3a
Vary: User-Agent
Content-Encoding: gzip

