Request headers:

Request body:


Response headers:
HTTP/1.1 200 OK
Server: nginx/1.10.1
Date: Sat, 17 Jun 2017 13:13:04 GMT
Content-Type: text/html; charset=utf-8
Transfer-Encoding: chunked
Connection: keep-alive
Keep-Alive: timeout=20
Status: 200 OK
ETag: W/"bcb4088b45f17605b4c18ca144a2f06a"
Last-Modified: Wed, 14 Jun 2017 09:07:45 GMT
Expires: -1
Cache-Control: private, max-age=0
X-UA-Compatible: IE=Edge,chrome=1
Set-Cookie: _blizko_session=BAh7CkkiD3Nlc3Npb25faWQGOgZFVEkiJThmNTA2YzZkYTY4ZTJkMzMyNzNkMTczZmE2ZjExMzE3BjsAVEkiFmlucHV0X2RldmljZV90eXBlBjsARkkiCk1PVVNFBjsAVEkiFGhvdmVyX3N1cHBvcnRlZAY7AEZUSSISY2Fub25pY2FsX3VybAY7AEZJIldodHRwOi8vYXZ0b3NlcnZpcy16aG9sbmluLmJsaXprby5ydS90b3Zhcnkvay05MDgzNzU0LXJlbW9udF96YWRuZXlfcG9kdmVza2k%2FcGFnZT0xBjsAVEkiEF9jc3JmX3Rva2VuBjsARkkiMUptOVI1dzVwRWV5MUlyUGErYmFsT2txL2I0ZS9HbjFsZ0F4b2o2d0l5dk09BjsARg%3D%3D--884bbdf8e60c7df0f9b122c56de8b9f7f15873f1; domain=.blizko.ru; path=/; HttpOnly
X-Request-Id: cb7042aa61bbe0dbee35dcfb08edcfc2
Vary: User-Agent
Content-Encoding: gzip

