Request headers:

Request body:


Response headers:
HTTP/1.1 200 OK
Server: nginx/1.10.1
Date: Sat, 17 Jun 2017 13:13:52 GMT
Content-Type: text/html; charset=utf-8
Transfer-Encoding: chunked
Connection: keep-alive
Keep-Alive: timeout=20
Status: 200 OK
ETag: W/"0b3b330dd7b12173de972628b0d675c6"
Last-Modified: Wed, 14 Jun 2017 09:07:45 GMT
Expires: -1
Cache-Control: private, max-age=0
X-UA-Compatible: IE=Edge,chrome=1
Set-Cookie: _blizko_session=BAh7CkkiD3Nlc3Npb25faWQGOgZFVEkiJThmNTA2YzZkYTY4ZTJkMzMyNzNkMTczZmE2ZjExMzE3BjsAVEkiFmlucHV0X2RldmljZV90eXBlBjsARkkiCk1PVVNFBjsAVEkiFGhvdmVyX3N1cHBvcnRlZAY7AEZUSSISY2Fub25pY2FsX3VybAY7AEZJIlFodHRwOi8vYXZ0b3NlcnZpcy16aG9sbmluLmJsaXprby5ydS90b3Zhcnkvay05MDgzNzg2LXJlbW9udF9lbGVrdHJpa2k%2FcGFnZT0yBjsAVEkiEF9jc3JmX3Rva2VuBjsARkkiMUptOVI1dzVwRWV5MUlyUGErYmFsT2txL2I0ZS9HbjFsZ0F4b2o2d0l5dk09BjsARg%3D%3D--59f9661051e3146106e8f7bc7ea9a477c4e4bc88; domain=.blizko.ru; path=/; HttpOnly
X-Request-Id: 396bb2a4726af42b60c4a26dbb112e01
Vary: User-Agent
Content-Encoding: gzip

